<?xml version='1.0' encoding='utf-8'?>
<testsuite name="Test Suite - 20260227_152500" tests="3" failures="1" errors="0" skipped="0" time="87.689" timestamp="2026-02-27T15:25:00.339235">
  <properties>
    <property name="pass_rate" value="66.67" />
  </properties>
  <testcase classname="ui_tests" name="TC-001 - Widget Login - Successful Verification" time="46.392">
    <system-out />
  </testcase>
  <testcase classname="ui_tests" name="TC-002 - Document Checking Flow - Validate Content" time="74.699">
    <failure message="Validation failed" type="AssertionError">Expected result not found in page or AI observations | Required action check failed: widget confirmation step did not pass</failure>
    <system-out />
  </testcase>
  <testcase classname="ui_tests" name="TC-003 - IntentClassifier Check - Ask Question" time="86.475">
    <system-out />
  </testcase>
</testsuite>